#
# There is insufficient memory for the Java Runtime Environment to continue.
# Native memory allocation (malloc) failed to allocate 85983232 bytes for committing reserved memory.
# Possible reasons:
#   The system is out of physical RAM or swap space
#   In 32 bit mode, the process size limit was hit
# Possible solutions:
#   Reduce memory load on the system
#   Increase physical memory or swap space
#   Check if swap backing store is full
#   Use 64 bit Java on a 64 bit OS
#   Decrease Java heap size (-Xmx/-Xms)
#   Decrease number of Java threads
#   Decrease Java thread stack sizes (-Xss)
#   Set larger code cache with -XX:ReservedCodeCacheSize=
# This output file may be truncated or incomplete.
#
#  Out of Memory Error (os_linux.cpp:2756), pid=310, tid=140390431667968
#
# JRE version:  (7.0_80-b15) (build )
# Java VM: Java HotSpot(TM) 64-Bit Server VM (24.80-b11 mixed mode linux-amd64 compressed oops)
# Failed to write core dump. Core dumps have been disabled. To enable core dumping, try "ulimit -c unlimited" before starting Java again
#

---------------  T H R E A D  ---------------

Current thread (0x00007faf2800a000):  JavaThread "Unknown thread" [_thread_in_vm, id=313, stack(0x00007faf31bf3000,0x00007faf31cf4000)]

Stack: [0x00007faf31bf3000,0x00007faf31cf4000],  sp=0x00007faf31cf2230,  free space=1020k
Native frames: (J=compiled Java code, j=interpreted, Vv=VM code, C=native code)
V  [libjvm.so+0x9a320a]  VMError::report_and_die()+0x2ea
V  [libjvm.so+0x498d3b]  report_vm_out_of_memory(char const*, int, unsigned long, char const*)+0x9b
V  [libjvm.so+0x82191e]  os::Linux::commit_memory_impl(char*, unsigned long, bool)+0xfe
V  [libjvm.so+0x821e69]  os::pd_commit_memory(char*, unsigned long, unsigned long, bool)+0x29
V  [libjvm.so+0x81bb6a]  os::commit_memory(char*, unsigned long, unsigned long, bool)+0x2a
V  [libjvm.so+0x88d623]  PSVirtualSpace::expand_by(unsigned long)+0x53
V  [libjvm.so+0x87c293]  PSOldGen::initialize(ReservedSpace, unsigned long, char const*, int)+0x103
V  [libjvm.so+0x29ace3]  AdjoiningGenerations::AdjoiningGenerations(ReservedSpace, unsigned long, unsigned long, unsigned long, unsigned long, unsigned long, unsigned long, unsigned long)+0x3e3
V  [libjvm.so+0x843215]  ParallelScavengeHeap::initialize()+0x4d5
V  [libjvm.so+0x97509a]  Universe::initialize_heap()+0xca
V  [libjvm.so+0x976269]  universe_init()+0x79
V  [libjvm.so+0x5b2f25]  init_globals()+0x65
V  [libjvm.so+0x95db4d]  Threads::create_vm(JavaVMInitArgs*, bool*)+0x1ed
V  [libjvm.so+0x63b2e4]  JNI_CreateJavaVM+0x74
C  [libjli.so+0x2f8e]  JavaMain+0x9e


---------------  P R O C E S S  ---------------

Java Threads: ( => current thread )

Other Threads:

=>0x00007faf2800a000 (exited) JavaThread "Unknown thread" [_thread_in_vm, id=313, stack(0x00007faf31bf3000,0x00007faf31cf4000)]

VM state:not at safepoint (not fully initialized)

VM Mutex/Monitor currently owned by a thread: None

GC Heap History (0 events):
No events

Deoptimization events (0 events):
No events

Internal exceptions (0 events):
No events

Events (0 events):
No events


Dynamic libraries:
00400000-00401000 r-xp 00000000 08:06 9319924                            /usr/lib/jvm/java-7-oracle/jre/bin/java
00600000-00601000 rw-p 00000000 08:06 9319924                            /usr/lib/jvm/java-7-oracle/jre/bin/java
007bd000-007de000 rw-p 00000000 00:00 0                                  [heap]
77f600000-784800000 rw-p 00000000 00:00 0 
789a00000-7d6d00000 rw-p 00000000 00:00 0 
7d6d00000-7d9680000 rw-p 00000000 00:00 0 
7d9680000-800000000 rw-p 00000000 00:00 0 
7faf25000000-7faf25270000 rwxp 00000000 00:00 0 
7faf25270000-7faf28025000 rw-p 00000000 00:00 0 
7faf28025000-7faf2c000000 ---p 00000000 00:00 0 
7faf2e896000-7faf2eadf000 rw-p 00000000 00:00 0 
7faf2eadf000-7faf2ed9a000 rw-p 00000000 00:00 0 
7faf2ed9a000-7faf2edb0000 rw-p 00000000 00:00 0 
7faf2edb0000-7faf2eee4000 rw-p 00000000 00:00 0 
7faf2eee4000-7faf2eee5000 rw-p 00000000 00:00 0 
7faf2eee5000-7faf2eefc000 r-xp 00000000 08:06 9198826                    /usr/lib/jvm/java-7-oracle/jre/lib/amd64/libzip.so
7faf2eefc000-7faf2f0fc000 ---p 00017000 08:06 9198826                    /usr/lib/jvm/java-7-oracle/jre/lib/amd64/libzip.so
7faf2f0fc000-7faf2f0fd000 rw-p 00017000 08:06 9198826                    /usr/lib/jvm/java-7-oracle/jre/lib/amd64/libzip.so
7faf2f0fd000-7faf2f108000 r-xp 00000000 08:06 13893722                   /lib/x86_64-linux-gnu/libnss_files-2.19.so
7faf2f108000-7faf2f307000 ---p 0000b000 08:06 13893722                   /lib/x86_64-linux-gnu/libnss_files-2.19.so
7faf2f307000-7faf2f308000 r--p 0000a000 08:06 13893722                   /lib/x86_64-linux-gnu/libnss_files-2.19.so
7faf2f308000-7faf2f309000 rw-p 0000b000 08:06 13893722                   /lib/x86_64-linux-gnu/libnss_files-2.19.so
7faf2f309000-7faf2f314000 r-xp 00000000 08:06 13898905                   /lib/x86_64-linux-gnu/libnss_nis-2.19.so
7faf2f314000-7faf2f513000 ---p 0000b000 08:06 13898905                   /lib/x86_64-linux-gnu/libnss_nis-2.19.so
7faf2f513000-7faf2f514000 r--p 0000a000 08:06 13898905                   /lib/x86_64-linux-gnu/libnss_nis-2.19.so
7faf2f514000-7faf2f515000 rw-p 0000b000 08:06 13898905                   /lib/x86_64-linux-gnu/libnss_nis-2.19.so
7faf2f515000-7faf2f52c000 r-xp 00000000 08:06 13893731                   /lib/x86_64-linux-gnu/libnsl-2.19.so
7faf2f52c000-7faf2f72b000 ---p 00017000 08:06 13893731                   /lib/x86_64-linux-gnu/libnsl-2.19.so
7faf2f72b000-7faf2f72c000 r--p 00016000 08:06 13893731                   /lib/x86_64-linux-gnu/libnsl-2.19.so
7faf2f72c000-7faf2f72d000 rw-p 00017000 08:06 13893731                   /lib/x86_64-linux-gnu/libnsl-2.19.so
7faf2f72d000-7faf2f72f000 rw-p 00000000 00:00 0 
7faf2f72f000-7faf2f738000 r-xp 00000000 08:06 13893730                   /lib/x86_64-linux-gnu/libnss_compat-2.19.so
7faf2f738000-7faf2f937000 ---p 00009000 08:06 13893730                   /lib/x86_64-linux-gnu/libnss_compat-2.19.so
7faf2f937000-7faf2f938000 r--p 00008000 08:06 13893730                   /lib/x86_64-linux-gnu/libnss_compat-2.19.so
7faf2f938000-7faf2f939000 rw-p 00009000 08:06 13893730                   /lib/x86_64-linux-gnu/libnss_compat-2.19.so
7faf2f939000-7faf2f962000 r-xp 00000000 08:06 9198809                    /usr/lib/jvm/java-7-oracle/jre/lib/amd64/libjava.so
7faf2f962000-7faf2fb62000 ---p 00029000 08:06 9198809                    /usr/lib/jvm/java-7-oracle/jre/lib/amd64/libjava.so
7faf2fb62000-7faf2fb64000 rw-p 00029000 08:06 9198809                    /usr/lib/jvm/java-7-oracle/jre/lib/amd64/libjava.so
7faf2fb64000-7faf2fb71000 r-xp 00000000 08:06 9198785                    /usr/lib/jvm/java-7-oracle/jre/lib/amd64/libverify.so
7faf2fb71000-7faf2fd70000 ---p 0000d000 08:06 9198785                    /usr/lib/jvm/java-7-oracle/jre/lib/amd64/libverify.so
7faf2fd70000-7faf2fd72000 rw-p 0000c000 08:06 9198785                    /usr/lib/jvm/java-7-oracle/jre/lib/amd64/libverify.so
7faf2fd72000-7faf2fd79000 r-xp 00000000 08:06 13897633                   /lib/x86_64-linux-gnu/librt-2.19.so
7faf2fd79000-7faf2ff78000 ---p 00007000 08:06 13897633                   /lib/x86_64-linux-gnu/librt-2.19.so
7faf2ff78000-7faf2ff79000 r--p 00006000 08:06 13897633                   /lib/x86_64-linux-gnu/librt-2.19.so
7faf2ff79000-7faf2ff7a000 rw-p 00007000 08:06 13897633                   /lib/x86_64-linux-gnu/librt-2.19.so
7faf2ff7a000-7faf3007f000 r-xp 00000000 08:06 13893721                   /lib/x86_64-linux-gnu/libm-2.19.so
7faf3007f000-7faf3027e000 ---p 00105000 08:06 13893721                   /lib/x86_64-linux-gnu/libm-2.19.so
7faf3027e000-7faf3027f000 r--p 00104000 08:06 13893721                   /lib/x86_64-linux-gnu/libm-2.19.so
7faf3027f000-7faf30280000 rw-p 00105000 08:06 13893721                   /lib/x86_64-linux-gnu/libm-2.19.so
7faf30280000-7faf30df6000 r-xp 00000000 08:06 9198780                    /usr/lib/jvm/java-7-oracle/jre/lib/amd64/server/libjvm.so
7faf30df6000-7faf30ff5000 ---p 00b76000 08:06 9198780                    /usr/lib/jvm/java-7-oracle/jre/lib/amd64/server/libjvm.so
7faf30ff5000-7faf310b9000 rw-p 00b75000 08:06 9198780                    /usr/lib/jvm/java-7-oracle/jre/lib/amd64/server/libjvm.so
7faf310b9000-7faf310fa000 rw-p 00000000 00:00 0 
7faf310fa000-7faf312b5000 r-xp 00000000 08:06 13893736                   /lib/x86_64-linux-gnu/libc-2.19.so
7faf312b5000-7faf314b4000 ---p 001bb000 08:06 13893736                   /lib/x86_64-linux-gnu/libc-2.19.so
7faf314b4000-7faf314b8000 r--p 001ba000 08:06 13893736                   /lib/x86_64-linux-gnu/libc-2.19.so
7faf314b8000-7faf314ba000 rw-p 001be000 08:06 13893736                   /lib/x86_64-linux-gnu/libc-2.19.so
7faf314ba000-7faf314bf000 rw-p 00000000 00:00 0 
7faf314bf000-7faf314c2000 r-xp 00000000 08:06 13893725                   /lib/x86_64-linux-gnu/libdl-2.19.so
7faf314c2000-7faf316c1000 ---p 00003000 08:06 13893725                   /lib/x86_64-linux-gnu/libdl-2.19.so
7faf316c1000-7faf316c2000 r--p 00002000 08:06 13893725                   /lib/x86_64-linux-gnu/libdl-2.19.so
7faf316c2000-7faf316c3000 rw-p 00003000 08:06 13893725                   /lib/x86_64-linux-gnu/libdl-2.19.so
7faf316c3000-7faf316d8000 r-xp 00000000 08:06 9198797                    /usr/lib/jvm/java-7-oracle/jre/lib/amd64/jli/libjli.so
7faf316d8000-7faf318d7000 ---p 00015000 08:06 9198797                    /usr/lib/jvm/java-7-oracle/jre/lib/amd64/jli/libjli.so
7faf318d7000-7faf318d8000 rw-p 00014000 08:06 9198797                    /usr/lib/jvm/java-7-oracle/jre/lib/amd64/jli/libjli.so
7faf318d8000-7faf318f1000 r-xp 00000000 08:06 13897548                   /lib/x86_64-linux-gnu/libpthread-2.19.so
7faf318f1000-7faf31af0000 ---p 00019000 08:06 13897548                   /lib/x86_64-linux-gnu/libpthread-2.19.so
7faf31af0000-7faf31af1000 r--p 00018000 08:06 13897548                   /lib/x86_64-linux-gnu/libpthread-2.19.so
7faf31af1000-7faf31af2000 rw-p 00019000 08:06 13897548                   /lib/x86_64-linux-gnu/libpthread-2.19.so
7faf31af2000-7faf31af6000 rw-p 00000000 00:00 0 
7faf31af6000-7faf31b19000 r-xp 00000000 08:06 13893733                   /lib/x86_64-linux-gnu/ld-2.19.so
7faf31b33000-7faf31b3d000 rw-p 00000000 00:00 0 
7faf31b3d000-7faf31bf3000 rw-p 00000000 00:00 0 
7faf31bf3000-7faf31bf6000 ---p 00000000 00:00 0 
7faf31bf6000-7faf31cf8000 rw-p 00000000 00:00 0                          [stack:313]
7faf31d0a000-7faf31d0c000 rw-p 00000000 00:00 0 
7faf31d0c000-7faf31d14000 rw-s 00000000 08:06 11283327                   /tmp/hsperfdata_skwakwa/310
7faf31d14000-7faf31d15000 rw-p 00000000 00:00 0 
7faf31d15000-7faf31d16000 r--p 00000000 00:00 0 
7faf31d16000-7faf31d18000 rw-p 00000000 00:00 0 
7faf31d18000-7faf31d19000 r--p 00022000 08:06 13893733                   /lib/x86_64-linux-gnu/ld-2.19.so
7faf31d19000-7faf31d1a000 rw-p 00023000 08:06 13893733                   /lib/x86_64-linux-gnu/ld-2.19.so
7faf31d1a000-7faf31d1b000 rw-p 00000000 00:00 0 
7ffe081c7000-7ffe081e8000 rw-p 00000000 00:00 0                          [stack]
7ffe081e9000-7ffe081eb000 r-xp 00000000 00:00 0                          [vdso]
ffffffffff600000-ffffffffff601000 r-xp 00000000 00:00 0                  [vsyscall]

VM Arguments:
java_command: /home/skwakwa/gf/project/java/ictc-webapp/target/surefire/surefirebooter4875868485365448825.jar /home/skwakwa/gf/project/java/ictc-webapp/target/surefire/surefire8071810519207067605tmp /home/skwakwa/gf/project/java/ictc-webapp/target/surefire/surefire8621088339713492853tmp
Launcher Type: SUN_STANDARD

Environment Variables:
JAVA_HOME=/usr/lib/jvm/java-7-oracle
PATH=/usr/local/sbin:/usr/local/bin:/usr/sbin:/usr/bin:/sbin:/bin:/usr/games:/usr/local/games:/usr/lib/jvm/java-7-oracle/bin:/usr/lib/jvm/java-7-oracle/db/bin:/usr/lib/jvm/java-7-oracle/jre/bin
LD_LIBRARY_PATH=/usr/lib/jvm/java-7-oracle/jre/lib/amd64:/usr/lib/jvm/java-7-oracle/jre/lib/i386:
SHELL=/bin/bash
DISPLAY=:0

Signal Handlers:
SIGSEGV: [libjvm.so+0x9a3b20], sa_mask[0]=0x7ffbfeff, sa_flags=0x10000004
SIGBUS: [libjvm.so+0x9a3b20], sa_mask[0]=0x7ffbfeff, sa_flags=0x10000004
SIGFPE: [libjvm.so+0x81e740], sa_mask[0]=0x7ffbfeff, sa_flags=0x10000004
SIGPIPE: [libjvm.so+0x81e740], sa_mask[0]=0x7ffbfeff, sa_flags=0x10000004
SIGXFSZ: [libjvm.so+0x81e740], sa_mask[0]=0x7ffbfeff, sa_flags=0x10000004
SIGILL: [libjvm.so+0x81e740], sa_mask[0]=0x7ffbfeff, sa_flags=0x10000004
SIGUSR1: SIG_DFL, sa_mask[0]=0x00000000, sa_flags=0x00000000
SIGUSR2: [libjvm.so+0x81ffb0], sa_mask[0]=0x00000004, sa_flags=0x10000004
SIGHUP: SIG_DFL, sa_mask[0]=0x00000000, sa_flags=0x00000000
SIGINT: SIG_IGN, sa_mask[0]=0x00000000, sa_flags=0x00000000
SIGTERM: SIG_DFL, sa_mask[0]=0x00000000, sa_flags=0x00000000
SIGQUIT: SIG_DFL, sa_mask[0]=0x00000000, sa_flags=0x00000000


---------------  S Y S T E M  ---------------

OS:jessie/sid

uname:Linux 3.13.0-49-generic #83-Ubuntu SMP Fri Apr 10 20:11:33 UTC 2015 x86_64
libc:glibc 2.19 NPTL 2.19 
rlimit: STACK 8192k, CORE 0k, NPROC 62673, NOFILE 4096, AS infinity
load average:6.62 2.70 1.75

/proc/meminfo:
MemTotal:        8090012 kB
MemFree:          111680 kB
Buffers:            1296 kB
Cached:           804552 kB
SwapCached:            0 kB
Active:          6911236 kB
Inactive:         801908 kB
Active(anon):    6909308 kB
Inactive(anon):   778976 kB
Active(file):       1928 kB
Inactive(file):    22932 kB
Unevictable:          64 kB
Mlocked:              64 kB
SwapTotal:             0 kB
SwapFree:              0 kB
Dirty:                72 kB
Writeback:             0 kB
AnonPages:       6907748 kB
Mapped:           206068 kB
Shmem:            780600 kB
Slab:             112052 kB
SReclaimable:      64744 kB
SUnreclaim:        47308 kB
KernelStack:        8824 kB
PageTables:        58404 kB
NFS_Unstable:          0 kB
Bounce:                0 kB
WritebackTmp:          0 kB
CommitLimit:     4045004 kB
Committed_AS:   13525852 kB
VmallocTotal:   34359738367 kB
VmallocUsed:      562404 kB
VmallocChunk:   34359152428 kB
HardwareCorrupted:     0 kB
AnonHugePages:   3373056 kB
HugePages_Total:       0
HugePages_Free:        0
HugePages_Rsvd:        0
HugePages_Surp:        0
Hugepagesize:       2048 kB
DirectMap4k:       71488 kB
DirectMap2M:     4036608 kB
DirectMap1G:     4194304 kB


CPU:total 4 (2 cores per cpu, 2 threads per core) family 6 model 61 stepping 4, cmov, cx8, fxsr, mmx, sse, sse2, sse3, ssse3, sse4.1, sse4.2, popcnt, avx, avx2, aes, erms, ht, tsc, tscinvbit

/proc/cpuinfo:
processor	: 0
vendor_id	: GenuineIntel
cpu family	: 6
model		: 61
model name	: Intel(R) Core(TM) i5-5200U CPU @ 2.20GHz
stepping	: 4
microcode	: 0x16
cpu MHz		: 500.000
cache size	: 3072 KB
physical id	: 0
siblings	: 4
core id		: 0
cpu cores	: 2
apicid		: 0
initial apicid	: 0
fpu		: yes
fpu_exception	: yes
cpuid level	: 20
wp		: yes
flags		: fpu vme de pse tsc msr pae mce cx8 apic sep mtrr pge mca cmov pat pse36 clflush dts acpi mmx fxsr sse sse2 ss ht tm pbe syscall nx pdpe1gb rdtscp lm constant_tsc arch_perfmon pebs bts rep_good nopl xtopology nonstop_tsc aperfmperf eagerfpu pni pclmulqdq dtes64 monitor ds_cpl vmx est tm2 ssse3 fma cx16 xtpr pdcm pcid sse4_1 sse4_2 x2apic movbe popcnt tsc_deadline_timer aes xsave avx f16c rdrand lahf_lm abm 3dnowprefetch ida arat epb xsaveopt pln pts dtherm tpr_shadow vnmi flexpriority ept vpid fsgsbase tsc_adjust bmi1 avx2 smep bmi2 erms invpcid rdseed adx smap
bogomips	: 4388.87
clflush size	: 64
cache_alignment	: 64
address sizes	: 39 bits physical, 48 bits virtual
power management:

processor	: 1
vendor_id	: GenuineIntel
cpu family	: 6
model		: 61
model name	: Intel(R) Core(TM) i5-5200U CPU @ 2.20GHz
stepping	: 4
microcode	: 0x16
cpu MHz		: 2200.000
cache size	: 3072 KB
physical id	: 0
siblings	: 4
core id		: 1
cpu cores	: 2
apicid		: 2
initial apicid	: 2
fpu		: yes
fpu_exception	: yes
cpuid level	: 20
wp		: yes
flags		: fpu vme de pse tsc msr pae mce cx8 apic sep mtrr pge mca cmov pat pse36 clflush dts acpi mmx fxsr sse sse2 ss ht tm pbe syscall nx pdpe1gb rdtscp lm constant_tsc arch_perfmon pebs bts rep_good nopl xtopology nonstop_tsc aperfmperf eagerfpu pni pclmulqdq dtes64 monitor ds_cpl vmx est tm2 ssse3 fma cx16 xtpr pdcm pcid sse4_1 sse4_2 x2apic movbe popcnt tsc_deadline_timer aes xsave avx f16c rdrand lahf_lm abm 3dnowprefetch ida arat epb xsaveopt pln pts dtherm tpr_shadow vnmi flexpriority ept vpid fsgsbase tsc_adjust bmi1 avx2 smep bmi2 erms invpcid rdseed adx smap
bogomips	: 4388.87
clflush size	: 64
cache_alignment	: 64
address sizes	: 39 bits physical, 48 bits virtual
power management:

processor	: 2
vendor_id	: GenuineIntel
cpu family	: 6
model		: 61
model name	: Intel(R) Core(TM) i5-5200U CPU @ 2.20GHz
stepping	: 4
microcode	: 0x16
cpu MHz		: 2200.000
cache size	: 3072 KB
physical id	: 0
siblings	: 4
core id		: 0
cpu cores	: 2
apicid		: 1
initial apicid	: 1
fpu		: yes
fpu_exception	: yes
cpuid level	: 20
wp		: yes
flags		: fpu vme de pse tsc msr pae mce cx8 apic sep mtrr pge mca cmov pat pse36 clflush dts acpi mmx fxsr sse sse2 ss ht tm pbe syscall nx pdpe1gb rdtscp lm constant_tsc arch_perfmon pebs bts rep_good nopl xtopology nonstop_tsc aperfmperf eagerfpu pni pclmulqdq dtes64 monitor ds_cpl vmx est tm2 ssse3 fma cx16 xtpr pdcm pcid sse4_1 sse4_2 x2apic movbe popcnt tsc_deadline_timer aes xsave avx f16c rdrand lahf_lm abm 3dnowprefetch ida arat epb xsaveopt pln pts dtherm tpr_shadow vnmi flexpriority ept vpid fsgsbase tsc_adjust bmi1 avx2 smep bmi2 erms invpcid rdseed adx smap
bogomips	: 4388.87
clflush size	: 64
cache_alignment	: 64
address sizes	: 39 bits physical, 48 bits virtual
power management:

processor	: 3
vendor_id	: GenuineIntel
cpu family	: 6
model		: 61
model name	: Intel(R) Core(TM) i5-5200U CPU @ 2.20GHz
stepping	: 4
microcode	: 0x16
cpu MHz		: 900.000
cache size	: 3072 KB
physical id	: 0
siblings	: 4
core id		: 1
cpu cores	: 2
apicid		: 3
initial apicid	: 3
fpu		: yes
fpu_exception	: yes
cpuid level	: 20
wp		: yes
flags		: fpu vme de pse tsc msr pae mce cx8 apic sep mtrr pge mca cmov pat pse36 clflush dts acpi mmx fxsr sse sse2 ss ht tm pbe syscall nx pdpe1gb rdtscp lm constant_tsc arch_perfmon pebs bts rep_good nopl xtopology nonstop_tsc aperfmperf eagerfpu pni pclmulqdq dtes64 monitor ds_cpl vmx est tm2 ssse3 fma cx16 xtpr pdcm pcid sse4_1 sse4_2 x2apic movbe popcnt tsc_deadline_timer aes xsave avx f16c rdrand lahf_lm abm 3dnowprefetch ida arat epb xsaveopt pln pts dtherm tpr_shadow vnmi flexpriority ept vpid fsgsbase tsc_adjust bmi1 avx2 smep bmi2 erms invpcid rdseed adx smap
bogomips	: 4388.87
clflush size	: 64
cache_alignment	: 64
address sizes	: 39 bits physical, 48 bits virtual
power management:



Memory: 4k page, physical 8090012k(111432k free), swap 0k(0k free)

vm_info: Java HotSpot(TM) 64-Bit Server VM (24.80-b11) for linux-amd64 JRE (1.7.0_80-b15), built on Apr 10 2015 19:53:14 by "java_re" with gcc 4.3.0 20080428 (Red Hat 4.3.0-8)

time: Fri Aug 28 14:11:53 2015
elapsed time: 3 seconds

