#
# There is insufficient memory for the Java Runtime Environment to continue.
# Native memory allocation (malloc) failed to allocate 43515904 bytes for committing reserved memory.
# Possible reasons:
#   The system is out of physical RAM or swap space
#   In 32 bit mode, the process size limit was hit
# Possible solutions:
#   Reduce memory load on the system
#   Increase physical memory or swap space
#   Check if swap backing store is full
#   Use 64 bit Java on a 64 bit OS
#   Decrease Java heap size (-Xmx/-Xms)
#   Decrease number of Java threads
#   Decrease Java thread stack sizes (-Xss)
#   Set larger code cache with -XX:ReservedCodeCacheSize=
# This output file may be truncated or incomplete.
#
#  Out of Memory Error (os_linux.cpp:2756), pid=575, tid=139636727633664
#
# JRE version:  (7.0_80-b15) (build )
# Java VM: Java HotSpot(TM) 64-Bit Server VM (24.80-b11 mixed mode linux-amd64 compressed oops)
# Failed to write core dump. Core dumps have been disabled. To enable core dumping, try "ulimit -c unlimited" before starting Java again
#

---------------  T H R E A D  ---------------

Current thread (0x00007effac00a000):  JavaThread "Unknown thread" [_thread_in_vm, id=580, stack(0x00007effb57c5000,0x00007effb58c6000)]

Stack: [0x00007effb57c5000,0x00007effb58c6000],  sp=0x00007effb58c4280,  free space=1020k
Native frames: (J=compiled Java code, j=interpreted, Vv=VM code, C=native code)
V  [libjvm.so+0x9a320a]  VMError::report_and_die()+0x2ea
V  [libjvm.so+0x498d3b]  report_vm_out_of_memory(char const*, int, unsigned long, char const*)+0x9b
V  [libjvm.so+0x82191e]  os::Linux::commit_memory_impl(char*, unsigned long, bool)+0xfe
V  [libjvm.so+0x821e69]  os::pd_commit_memory(char*, unsigned long, unsigned long, bool)+0x29
V  [libjvm.so+0x81bb6a]  os::commit_memory(char*, unsigned long, unsigned long, bool)+0x2a
V  [libjvm.so+0x88d623]  PSVirtualSpace::expand_by(unsigned long)+0x53
V  [libjvm.so+0x88e5b9]  PSYoungGen::initialize_virtual_space(ReservedSpace, unsigned long)+0x89
V  [libjvm.so+0x88ef30]  PSYoungGen::initialize(ReservedSpace, unsigned long)+0x50
V  [libjvm.so+0x29ac77]  AdjoiningGenerations::AdjoiningGenerations(ReservedSpace, unsigned long, unsigned long, unsigned long, unsigned long, unsigned long, unsigned long, unsigned long)+0x377
V  [libjvm.so+0x843215]  ParallelScavengeHeap::initialize()+0x4d5
V  [libjvm.so+0x97509a]  Universe::initialize_heap()+0xca
V  [libjvm.so+0x976269]  universe_init()+0x79
V  [libjvm.so+0x5b2f25]  init_globals()+0x65
V  [libjvm.so+0x95db4d]  Threads::create_vm(JavaVMInitArgs*, bool*)+0x1ed
V  [libjvm.so+0x63b2e4]  JNI_CreateJavaVM+0x74
C  [libjli.so+0x2f8e]  JavaMain+0x9e


---------------  P R O C E S S  ---------------

Java Threads: ( => current thread )

Other Threads:

=>0x00007effac00a000 (exited) JavaThread "Unknown thread" [_thread_in_vm, id=580, stack(0x00007effb57c5000,0x00007effb58c6000)]

VM state:not at safepoint (not fully initialized)

VM Mutex/Monitor currently owned by a thread: None

GC Heap History (0 events):
No events

Deoptimization events (0 events):
No events

Internal exceptions (0 events):
No events

Events (0 events):
No events


Dynamic libraries:
00400000-00401000 r-xp 00000000 08:06 9319924                            /usr/lib/jvm/java-7-oracle/jre/bin/java
00600000-00601000 rw-p 00000000 08:06 9319924                            /usr/lib/jvm/java-7-oracle/jre/bin/java
01005000-01026000 rw-p 00000000 00:00 0                                  [heap]
77f600000-7d6d00000 rw-p 00000000 00:00 0 
7d9680000-800000000 rw-p 00000000 00:00 0 
7effa9000000-7effa9270000 rwxp 00000000 00:00 0 
7effa9270000-7effac024000 rw-p 00000000 00:00 0 
7effac024000-7effb0000000 ---p 00000000 00:00 0 
7effb2468000-7effb26b1000 rw-p 00000000 00:00 0 
7effb26b1000-7effb2ab6000 rw-p 00000000 00:00 0 
7effb2ab6000-7effb2ab7000 rw-p 00000000 00:00 0 
7effb2ab7000-7effb2ace000 r-xp 00000000 08:06 9198826                    /usr/lib/jvm/java-7-oracle/jre/lib/amd64/libzip.so
7effb2ace000-7effb2cce000 ---p 00017000 08:06 9198826                    /usr/lib/jvm/java-7-oracle/jre/lib/amd64/libzip.so
7effb2cce000-7effb2ccf000 rw-p 00017000 08:06 9198826                    /usr/lib/jvm/java-7-oracle/jre/lib/amd64/libzip.so
7effb2ccf000-7effb2cda000 r-xp 00000000 08:06 13893722                   /lib/x86_64-linux-gnu/libnss_files-2.19.so
7effb2cda000-7effb2ed9000 ---p 0000b000 08:06 13893722                   /lib/x86_64-linux-gnu/libnss_files-2.19.so
7effb2ed9000-7effb2eda000 r--p 0000a000 08:06 13893722                   /lib/x86_64-linux-gnu/libnss_files-2.19.so
7effb2eda000-7effb2edb000 rw-p 0000b000 08:06 13893722                   /lib/x86_64-linux-gnu/libnss_files-2.19.so
7effb2edb000-7effb2ee6000 r-xp 00000000 08:06 13898905                   /lib/x86_64-linux-gnu/libnss_nis-2.19.so
7effb2ee6000-7effb30e5000 ---p 0000b000 08:06 13898905                   /lib/x86_64-linux-gnu/libnss_nis-2.19.so
7effb30e5000-7effb30e6000 r--p 0000a000 08:06 13898905                   /lib/x86_64-linux-gnu/libnss_nis-2.19.so
7effb30e6000-7effb30e7000 rw-p 0000b000 08:06 13898905                   /lib/x86_64-linux-gnu/libnss_nis-2.19.so
7effb30e7000-7effb30fe000 r-xp 00000000 08:06 13893731                   /lib/x86_64-linux-gnu/libnsl-2.19.so
7effb30fe000-7effb32fd000 ---p 00017000 08:06 13893731                   /lib/x86_64-linux-gnu/libnsl-2.19.so
7effb32fd000-7effb32fe000 r--p 00016000 08:06 13893731                   /lib/x86_64-linux-gnu/libnsl-2.19.so
7effb32fe000-7effb32ff000 rw-p 00017000 08:06 13893731                   /lib/x86_64-linux-gnu/libnsl-2.19.so
7effb32ff000-7effb3301000 rw-p 00000000 00:00 0 
7effb3301000-7effb330a000 r-xp 00000000 08:06 13893730                   /lib/x86_64-linux-gnu/libnss_compat-2.19.so
7effb330a000-7effb3509000 ---p 00009000 08:06 13893730                   /lib/x86_64-linux-gnu/libnss_compat-2.19.so
7effb3509000-7effb350a000 r--p 00008000 08:06 13893730                   /lib/x86_64-linux-gnu/libnss_compat-2.19.so
7effb350a000-7effb350b000 rw-p 00009000 08:06 13893730                   /lib/x86_64-linux-gnu/libnss_compat-2.19.so
7effb350b000-7effb3534000 r-xp 00000000 08:06 9198809                    /usr/lib/jvm/java-7-oracle/jre/lib/amd64/libjava.so
7effb3534000-7effb3734000 ---p 00029000 08:06 9198809                    /usr/lib/jvm/java-7-oracle/jre/lib/amd64/libjava.so
7effb3734000-7effb3736000 rw-p 00029000 08:06 9198809                    /usr/lib/jvm/java-7-oracle/jre/lib/amd64/libjava.so
7effb3736000-7effb3743000 r-xp 00000000 08:06 9198785                    /usr/lib/jvm/java-7-oracle/jre/lib/amd64/libverify.so
7effb3743000-7effb3942000 ---p 0000d000 08:06 9198785                    /usr/lib/jvm/java-7-oracle/jre/lib/amd64/libverify.so
7effb3942000-7effb3944000 rw-p 0000c000 08:06 9198785                    /usr/lib/jvm/java-7-oracle/jre/lib/amd64/libverify.so
7effb3944000-7effb394b000 r-xp 00000000 08:06 13897633                   /lib/x86_64-linux-gnu/librt-2.19.so
7effb394b000-7effb3b4a000 ---p 00007000 08:06 13897633                   /lib/x86_64-linux-gnu/librt-2.19.so
7effb3b4a000-7effb3b4b000 r--p 00006000 08:06 13897633                   /lib/x86_64-linux-gnu/librt-2.19.so
7effb3b4b000-7effb3b4c000 rw-p 00007000 08:06 13897633                   /lib/x86_64-linux-gnu/librt-2.19.so
7effb3b4c000-7effb3c51000 r-xp 00000000 08:06 13893721                   /lib/x86_64-linux-gnu/libm-2.19.so
7effb3c51000-7effb3e50000 ---p 00105000 08:06 13893721                   /lib/x86_64-linux-gnu/libm-2.19.so
7effb3e50000-7effb3e51000 r--p 00104000 08:06 13893721                   /lib/x86_64-linux-gnu/libm-2.19.so
7effb3e51000-7effb3e52000 rw-p 00105000 08:06 13893721                   /lib/x86_64-linux-gnu/libm-2.19.so
7effb3e52000-7effb49c8000 r-xp 00000000 08:06 9198780                    /usr/lib/jvm/java-7-oracle/jre/lib/amd64/server/libjvm.so
7effb49c8000-7effb4bc7000 ---p 00b76000 08:06 9198780                    /usr/lib/jvm/java-7-oracle/jre/lib/amd64/server/libjvm.so
7effb4bc7000-7effb4c8b000 rw-p 00b75000 08:06 9198780                    /usr/lib/jvm/java-7-oracle/jre/lib/amd64/server/libjvm.so
7effb4c8b000-7effb4ccc000 rw-p 00000000 00:00 0 
7effb4ccc000-7effb4e87000 r-xp 00000000 08:06 13893736                   /lib/x86_64-linux-gnu/libc-2.19.so
7effb4e87000-7effb5086000 ---p 001bb000 08:06 13893736                   /lib/x86_64-linux-gnu/libc-2.19.so
7effb5086000-7effb508a000 r--p 001ba000 08:06 13893736                   /lib/x86_64-linux-gnu/libc-2.19.so
7effb508a000-7effb508c000 rw-p 001be000 08:06 13893736                   /lib/x86_64-linux-gnu/libc-2.19.so
7effb508c000-7effb5091000 rw-p 00000000 00:00 0 
7effb5091000-7effb5094000 r-xp 00000000 08:06 13893725                   /lib/x86_64-linux-gnu/libdl-2.19.so
7effb5094000-7effb5293000 ---p 00003000 08:06 13893725                   /lib/x86_64-linux-gnu/libdl-2.19.so
7effb5293000-7effb5294000 r--p 00002000 08:06 13893725                   /lib/x86_64-linux-gnu/libdl-2.19.so
7effb5294000-7effb5295000 rw-p 00003000 08:06 13893725                   /lib/x86_64-linux-gnu/libdl-2.19.so
7effb5295000-7effb52aa000 r-xp 00000000 08:06 9198797                    /usr/lib/jvm/java-7-oracle/jre/lib/amd64/jli/libjli.so
7effb52aa000-7effb54a9000 ---p 00015000 08:06 9198797                    /usr/lib/jvm/java-7-oracle/jre/lib/amd64/jli/libjli.so
7effb54a9000-7effb54aa000 rw-p 00014000 08:06 9198797                    /usr/lib/jvm/java-7-oracle/jre/lib/amd64/jli/libjli.so
7effb54aa000-7effb54c3000 r-xp 00000000 08:06 13897548                   /lib/x86_64-linux-gnu/libpthread-2.19.so
7effb54c3000-7effb56c2000 ---p 00019000 08:06 13897548                   /lib/x86_64-linux-gnu/libpthread-2.19.so
7effb56c2000-7effb56c3000 r--p 00018000 08:06 13897548                   /lib/x86_64-linux-gnu/libpthread-2.19.so
7effb56c3000-7effb56c4000 rw-p 00019000 08:06 13897548                   /lib/x86_64-linux-gnu/libpthread-2.19.so
7effb56c4000-7effb56c8000 rw-p 00000000 00:00 0 
7effb56c8000-7effb56eb000 r-xp 00000000 08:06 13893733                   /lib/x86_64-linux-gnu/ld-2.19.so
7effb5705000-7effb570f000 rw-p 00000000 00:00 0 
7effb570f000-7effb57c5000 rw-p 00000000 00:00 0 
7effb57c5000-7effb57c8000 ---p 00000000 00:00 0 
7effb57c8000-7effb58ca000 rw-p 00000000 00:00 0                          [stack:580]
7effb58dc000-7effb58de000 rw-p 00000000 00:00 0 
7effb58de000-7effb58e6000 rw-s 00000000 08:06 11283328                   /tmp/hsperfdata_skwakwa/575
7effb58e6000-7effb58e7000 rw-p 00000000 00:00 0 
7effb58e7000-7effb58e8000 r--p 00000000 00:00 0 
7effb58e8000-7effb58ea000 rw-p 00000000 00:00 0 
7effb58ea000-7effb58eb000 r--p 00022000 08:06 13893733                   /lib/x86_64-linux-gnu/ld-2.19.so
7effb58eb000-7effb58ec000 rw-p 00023000 08:06 13893733                   /lib/x86_64-linux-gnu/ld-2.19.so
7effb58ec000-7effb58ed000 rw-p 00000000 00:00 0 
7ffffde32000-7ffffde53000 rw-p 00000000 00:00 0                          [stack]
7ffffdea7000-7ffffdea9000 r-xp 00000000 00:00 0                          [vdso]
ffffffffff600000-ffffffffff601000 r-xp 00000000 00:00 0                  [vsyscall]

VM Arguments:
java_command: /home/skwakwa/gf/project/java/ictc-webapp/target/surefire/surefirebooter6767322742340701479.jar /home/skwakwa/gf/project/java/ictc-webapp/target/surefire/surefire2729792669978669249tmp /home/skwakwa/gf/project/java/ictc-webapp/target/surefire/surefire6311809302568000561tmp
Launcher Type: SUN_STANDARD

Environment Variables:
JAVA_HOME=/usr/lib/jvm/java-7-oracle
PATH=/usr/local/sbin:/usr/local/bin:/usr/sbin:/usr/bin:/sbin:/bin:/usr/games:/usr/local/games:/usr/lib/jvm/java-7-oracle/bin:/usr/lib/jvm/java-7-oracle/db/bin:/usr/lib/jvm/java-7-oracle/jre/bin
LD_LIBRARY_PATH=/usr/lib/jvm/java-7-oracle/jre/lib/amd64:/usr/lib/jvm/java-7-oracle/jre/lib/i386:
SHELL=/bin/bash
DISPLAY=:0

Signal Handlers:
SIGSEGV: [libjvm.so+0x9a3b20], sa_mask[0]=0x7ffbfeff, sa_flags=0x10000004
SIGBUS: [libjvm.so+0x9a3b20], sa_mask[0]=0x7ffbfeff, sa_flags=0x10000004
SIGFPE: [libjvm.so+0x81e740], sa_mask[0]=0x7ffbfeff, sa_flags=0x10000004
SIGPIPE: [libjvm.so+0x81e740], sa_mask[0]=0x7ffbfeff, sa_flags=0x10000004
SIGXFSZ: [libjvm.so+0x81e740], sa_mask[0]=0x7ffbfeff, sa_flags=0x10000004
SIGILL: [libjvm.so+0x81e740], sa_mask[0]=0x7ffbfeff, sa_flags=0x10000004
SIGUSR1: SIG_DFL, sa_mask[0]=0x00000000, sa_flags=0x00000000
SIGUSR2: [libjvm.so+0x81ffb0], sa_mask[0]=0x00000004, sa_flags=0x10000004
SIGHUP: SIG_DFL, sa_mask[0]=0x00000000, sa_flags=0x00000000
SIGINT: SIG_IGN, sa_mask[0]=0x00000000, sa_flags=0x00000000
SIGTERM: SIG_DFL, sa_mask[0]=0x00000000, sa_flags=0x00000000
SIGQUIT: SIG_DFL, sa_mask[0]=0x00000000, sa_flags=0x00000000


---------------  S Y S T E M  ---------------

OS:jessie/sid

uname:Linux 3.13.0-49-generic #83-Ubuntu SMP Fri Apr 10 20:11:33 UTC 2015 x86_64
libc:glibc 2.19 NPTL 2.19 
rlimit: STACK 8192k, CORE 0k, NPROC 62673, NOFILE 4096, AS infinity
load average:32.21 13.85 6.14

/proc/meminfo:
MemTotal:        8090012 kB
MemFree:          114592 kB
Buffers:             176 kB
Cached:           771172 kB
SwapCached:            0 kB
Active:          6944208 kB
Inactive:         766984 kB
Active(anon):    6941980 kB
Inactive(anon):   763560 kB
Active(file):       2228 kB
Inactive(file):     3424 kB
Unevictable:          64 kB
Mlocked:              64 kB
SwapTotal:             0 kB
SwapFree:              0 kB
Dirty:               164 kB
Writeback:             0 kB
AnonPages:       6940304 kB
Mapped:           190992 kB
Shmem:            765300 kB
Slab:             111636 kB
SReclaimable:      64168 kB
SUnreclaim:        47468 kB
KernelStack:        9024 kB
PageTables:        57628 kB
NFS_Unstable:          0 kB
Bounce:                0 kB
WritebackTmp:          0 kB
CommitLimit:     4045004 kB
Committed_AS:   13667492 kB
VmallocTotal:   34359738367 kB
VmallocUsed:      562404 kB
VmallocChunk:   34359152428 kB
HardwareCorrupted:     0 kB
AnonHugePages:   3229696 kB
HugePages_Total:       0
HugePages_Free:        0
HugePages_Rsvd:        0
HugePages_Surp:        0
Hugepagesize:       2048 kB
DirectMap4k:       71488 kB
DirectMap2M:     4036608 kB
DirectMap1G:     4194304 kB


CPU:total 4 (2 cores per cpu, 2 threads per core) family 6 model 61 stepping 4, cmov, cx8, fxsr, mmx, sse, sse2, sse3, ssse3, sse4.1, sse4.2, popcnt, avx, avx2, aes, erms, ht, tsc, tscinvbit

/proc/cpuinfo:
processor	: 0
vendor_id	: GenuineIntel
cpu family	: 6
model		: 61
model name	: Intel(R) Core(TM) i5-5200U CPU @ 2.20GHz
stepping	: 4
microcode	: 0x16
cpu MHz		: 2200.000
cache size	: 3072 KB
physical id	: 0
siblings	: 4
core id		: 0
cpu cores	: 2
apicid		: 0
initial apicid	: 0
fpu		: yes
fpu_exception	: yes
cpuid level	: 20
wp		: yes
flags		: fpu vme de pse tsc msr pae mce cx8 apic sep mtrr pge mca cmov pat pse36 clflush dts acpi mmx fxsr sse sse2 ss ht tm pbe syscall nx pdpe1gb rdtscp lm constant_tsc arch_perfmon pebs bts rep_good nopl xtopology nonstop_tsc aperfmperf eagerfpu pni pclmulqdq dtes64 monitor ds_cpl vmx est tm2 ssse3 fma cx16 xtpr pdcm pcid sse4_1 sse4_2 x2apic movbe popcnt tsc_deadline_timer aes xsave avx f16c rdrand lahf_lm abm 3dnowprefetch ida arat epb xsaveopt pln pts dtherm tpr_shadow vnmi flexpriority ept vpid fsgsbase tsc_adjust bmi1 avx2 smep bmi2 erms invpcid rdseed adx smap
bogomips	: 4388.87
clflush size	: 64
cache_alignment	: 64
address sizes	: 39 bits physical, 48 bits virtual
power management:

processor	: 1
vendor_id	: GenuineIntel
cpu family	: 6
model		: 61
model name	: Intel(R) Core(TM) i5-5200U CPU @ 2.20GHz
stepping	: 4
microcode	: 0x16
cpu MHz		: 2200.000
cache size	: 3072 KB
physical id	: 0
siblings	: 4
core id		: 1
cpu cores	: 2
apicid		: 2
initial apicid	: 2
fpu		: yes
fpu_exception	: yes
cpuid level	: 20
wp		: yes
flags		: fpu vme de pse tsc msr pae mce cx8 apic sep mtrr pge mca cmov pat pse36 clflush dts acpi mmx fxsr sse sse2 ss ht tm pbe syscall nx pdpe1gb rdtscp lm constant_tsc arch_perfmon pebs bts rep_good nopl xtopology nonstop_tsc aperfmperf eagerfpu pni pclmulqdq dtes64 monitor ds_cpl vmx est tm2 ssse3 fma cx16 xtpr pdcm pcid sse4_1 sse4_2 x2apic movbe popcnt tsc_deadline_timer aes xsave avx f16c rdrand lahf_lm abm 3dnowprefetch ida arat epb xsaveopt pln pts dtherm tpr_shadow vnmi flexpriority ept vpid fsgsbase tsc_adjust bmi1 avx2 smep bmi2 erms invpcid rdseed adx smap
bogomips	: 4388.87
clflush size	: 64
cache_alignment	: 64
address siz